<?xml version="1.0" encoding="UTF-8" ?>
<testsuite tests="1" failures="0" name="CharToByteTest" time="0.006" errors="0" skipped="0">
  <properties>
    <property name="java.runtime.name" value="Java(TM) SE Runtime Environment"/>
    <property name="sun.boot.library.path" value="G:\JDK\JDK1.8\jre\bin"/>
    <property name="java.vm.version" value="25.111-b14"/>
    <property name="java.vm.vendor" value="Oracle Corporation"/>
    <property name="maven.multiModuleProjectDirectory" value="E:\EclipseWorkSpace\BootWorkSpace\weifacotory-images"/>
    <property name="java.vendor.url" value="http://java.oracle.com/"/>
    <property name="path.separator" value=";"/>
    <property name="guice.disable.misplaced.annotation.check" value="true"/>
    <property name="java.vm.name" value="Java HotSpot(TM) 64-Bit Server VM"/>
    <property name="file.encoding.pkg" value="sun.io"/>
    <property name="user.script" value=""/>
    <property name="user.country" value="CN"/>
    <property name="sun.java.launcher" value="SUN_STANDARD"/>
    <property name="sun.os.patch.level" value=""/>
    <property name="java.vm.specification.name" value="Java Virtual Machine Specification"/>
    <property name="user.dir" value="E:\EclipseWorkSpace\BootWorkSpace\weifacotory-images"/>
    <property name="java.runtime.version" value="1.8.0_111-b14"/>
    <property name="java.awt.graphicsenv" value="sun.awt.Win32GraphicsEnvironment"/>
    <property name="java.endorsed.dirs" value="G:\JDK\JDK1.8\jre\lib\endorsed"/>
    <property name="os.arch" value="amd64"/>
    <property name="java.io.tmpdir" value="C:\Users\shutu008\AppData\Local\Temp\"/>
    <property name="line.separator" value="
"/>
    <property name="java.vm.specification.vendor" value="Oracle Corporation"/>
    <property name="user.variant" value=""/>
    <property name="os.name" value="Windows 10"/>
    <property name="classworlds.conf" value="E:\EclipseWorkSpace\BootWorkSpace\.metadata\.plugins\org.eclipse.m2e.launching\launches\m2conf5235764807647470783.tmp"/>
    <property name="sun.jnu.encoding" value="GBK"/>
    <property name="java.library.path" value="G:\JDK\JDK1.8\bin;C:\WINDOWS\Sun\Java\bin;C:\WINDOWS\system32;C:\WINDOWS;C:/Program Files/Java/jre1.8.0_151/bin/server;C:/Program Files/Java/jre1.8.0_151/bin;C:/Program Files/Java/jre1.8.0_151/lib/amd64;G:\oraclexe\app\oracle\product\11.2.0\server\bin;C:\ProgramData\Oracle\Java\javapath;C:\WINDOWS\system32;C:\WINDOWS;C:\WINDOWS\System32\Wbem;C:\WINDOWS\System32\WindowsPowerShell\v1.0\;G:\JDK\JDK1.8\bin;G:\JDK\JDK1.8\jre\bin;G:\apache-maven-3.3.9\bin;G:\matlab\runtime\win64;G:\matlab\bin;G:\matlab\polyspace\bin;G:\Git\cmd;G:\wampserver\wamp\bin\mysql\mysql5.6.17\bin;G:\hadoop-2.7.3\bin;G:\jboss-as-7.1.1.Final\bin;G:\spring-cli\bin;G:\nodejs\;G:\GnuWin32\bin;C:\Program Files\TortoiseSVN\bin;J:\Eth\geth;E:\Java\javaCode;G:\SSH;C:\Users\shutu008\AppData\Local\Microsoft\WindowsAppsï¼›;C:\Users\shutu008\AppData\Local\Microsoft\WindowsApps;G:\apache-maven-3.3.9\bin;C:\Users\shutu008\AppData\Roaming\npm;;G:\eclipseforj2ee\eclipse;;."/>
    <property name="java.specification.name" value="Java Platform API Specification"/>
    <property name="java.class.version" value="52.0"/>
    <property name="sun.management.compiler" value="HotSpot 64-Bit Tiered Compilers"/>
    <property name="os.version" value="10.0"/>
    <property name="user.home" value="C:\Users\shutu008"/>
    <property name="user.timezone" value="Asia/Shanghai"/>
    <property name="java.awt.printerjob" value="sun.awt.windows.WPrinterJob"/>
    <property name="java.specification.version" value="1.8"/>
    <property name="file.encoding" value="UTF-8"/>
    <property name="user.name" value="shutu008"/>
    <property name="java.class.path" value="/G:/eclipseforj2ee/eclipse/plugins/org.eclipse.m2e.maven.runtime_1.7.0.20160603-1931/jars/plexus-classworlds-2.5.2.jar"/>
    <property name="java.vm.specification.version" value="1.8"/>
    <property name="sun.arch.data.model" value="64"/>
    <property name="java.home" value="G:\JDK\JDK1.8\jre"/>
    <property name="sun.java.command" value="org.codehaus.plexus.classworlds.launcher.Launcher -B -gs L:\Java\maven\settings.xml -s L:\Java\maven\settings.xml clean package"/>
    <property name="java.specification.vendor" value="Oracle Corporation"/>
    <property name="user.language" value="zh"/>
    <property name="awt.toolkit" value="sun.awt.windows.WToolkit"/>
    <property name="java.vm.info" value="mixed mode"/>
    <property name="java.version" value="1.8.0_111"/>
    <property name="java.ext.dirs" value="G:\JDK\JDK1.8\jre\lib\ext;C:\WINDOWS\Sun\Java\lib\ext"/>
    <property name="sun.boot.class.path" value="G:\JDK\JDK1.8\jre\lib\resources.jar;G:\JDK\JDK1.8\jre\lib\rt.jar;G:\JDK\JDK1.8\jre\lib\sunrsasign.jar;G:\JDK\JDK1.8\jre\lib\jsse.jar;G:\JDK\JDK1.8\jre\lib\jce.jar;G:\JDK\JDK1.8\jre\lib\charsets.jar;G:\JDK\JDK1.8\jre\lib\jfr.jar;G:\JDK\JDK1.8\jre\classes"/>
    <property name="java.vendor" value="Oracle Corporation"/>
    <property name="maven.home" value="E:\EclipseWorkSpace\BootWorkSpace\weifacotory-images\EMBEDDED"/>
    <property name="file.separator" value="\"/>
    <property name="java.vendor.url.bug" value="http://bugreport.sun.com/bugreport/"/>
    <property name="sun.cpu.endian" value="little"/>
    <property name="sun.io.unicode.encoding" value="UnicodeLittle"/>
    <property name="sun.desktop" value="windows"/>
    <property name="sun.cpu.isalist" value="amd64"/>
  </properties>
  <testcase classname="CharToByteTest" name="charToByteTest" time="0.006"/>
</testsuite>